
> node-streams-playground@1.0.0 start /home/adhi/Projects/Personal/node-stream-playground
> nodemon index.js

[33m[nodemon] 2.0.20[39m
[33m[nodemon] to restart at any time, enter `rs`[39m
[33m[nodemon] watching path(s): *.*[39m
[33m[nodemon] watching extensions: js,mjs,json[39m
[32m[nodemon] starting `node index.js`[39m
1000ms transform():
  read: 0 / 131072
  write: 131072 / 131072
  <Buffer 31 20 32 20 33 20 34 20 35 20>
1000ms _write:
  1000ms transform():
    read: 0 / 131072
    write: 131072 / 131072
  write: 131072 / 131072
  <Buffer 31 20 32 20 33 20 34 20 35 20>
1000ms transform():
  read: 0 / 131072
  write: 131072 / 131072
  <Buffer 36 39 37 20 32 33 36 39 38 20>
1000ms transform():
  read: 131072 / 131072
  write: 131072 / 131072
  <Buffer 32 20 34 35 35 34 33 20 34 35>
1000ms callback():
  1000ms transform():
    read: 262144 / 131072
    write: 131072 / 131072
  write: 131072 / 131072
  <Buffer 31 20 32 20 33 20 34 20 35 20>
1000ms _write:
  1000ms transform():
    read: 131072 / 131072
    write: 131072 / 131072
  write: 131072 / 131072
  <Buffer 36 39 37 20 32 33 36 39 38 20>
1000ms callback():
  1000ms transform():
    read: 131072 / 131072
    write: 131072 / 131072
  write: 131072 / 131072
  <Buffer 36 39 37 20 32 33 36 39 38 20>
1000ms transform():
  read: 131072 / 131072
  write: 131072 / 131072
  <Buffer 36 37 33 38 38 20 36 37 33 38>
1000ms _write:
  1000ms transform():
    read: 131072 / 131072
    write: 131072 / 131072
  write: 131072 / 131072
  <Buffer 32 20 34 35 35 34 33 20 34 35>
1000ms callback():
  1000ms transform():
    read: 131072 / 131072
    write: 131072 / 131072
  write: 131072 / 131072
  <Buffer 32 20 34 35 35 34 33 20 34 35>
1000ms transform():
  read: 131072 / 131072
  write: 131072 / 131072
  <Buffer 32 33 33 20 38 39 32 33 34 20>
1000ms _write:
  1000ms transform():
    read: 131072 / 131072
    write: 131072 / 131072
  write: 131072 / 131072
  <Buffer 36 37 33 38 38 20 36 37 33 38>
1000ms callback():
  1000ms transform():
    read: 131072 / 131072
    write: 131072 / 131072
  write: 131072 / 131072
  <Buffer 36 37 33 38 38 20 36 37 33 38>
1000ms transform():
  read: 131072 / 131072
  write: 131072 / 131072
  <Buffer 31 30 39 34 39 36 20 31 30 39>
1000ms _write:
  1000ms transform():
    read: 131072 / 131072
    write: 131072 / 131072
  write: 131072 / 131072
  <Buffer 32 33 33 20 38 39 32 33 34 20>
1000ms callback():
  1000ms transform():
    read: 131072 / 131072
    write: 131072 / 131072
  write: 131072 / 131072
  <Buffer 32 33 33 20 38 39 32 33 34 20>
1000ms transform():
  read: 131072 / 131072
  write: 131072 / 131072
  <Buffer 32 30 20 31 32 38 32 32 31 20>
1000ms _write:
  1000ms transform():
    read: 131072 / 131072
    write: 131072 / 131072
  write: 131072 / 131072
  <Buffer 31 30 39 34 39 36 20 31 30 39>
1000ms callback():
  1000ms transform():
    read: 131072 / 131072
    write: 131072 / 131072
  write: 131072 / 131072
  <Buffer 31 30 39 34 39 36 20 31 30 39>
1000ms transform():
  read: 131072 / 131072
  write: 131072 / 131072
  <Buffer 34 36 39 34 35 20 31 34 36 39>
1000ms _write:
  1000ms transform():
    read: 131072 / 131072
    write: 131072 / 131072
  write: 131072 / 131072
  <Buffer 32 30 20 31 32 38 32 32 31 20>
1000ms callback():
  1000ms transform():
    read: 131072 / 131072
    write: 131072 / 131072
  write: 131072 / 131072
  <Buffer 32 30 20 31 32 38 32 32 31 20>
1000ms transform():
  read: 131072 / 131072
  write: 131072 / 131072
  <Buffer 39 20 31 36 35 36 37 30 20 31>
1000ms _write:
  1000ms transform():
    read: 131072 / 131072
    write: 131072 / 131072
  write: 131072 / 131072
  <Buffer 34 36 39 34 35 20 31 34 36 39>
1000ms callback():
  1000ms transform():
    read: 131072 / 131072
    write: 131072 / 131072
  write: 131072 / 131072
  <Buffer 34 36 39 34 35 20 31 34 36 39>
1000ms transform():
  read: 131072 / 131072
  write: 131072 / 131072
  <Buffer 34 33 39 34 20 31 38 34 33 39>
1000ms _write:
  1000ms transform():
    read: 131072 / 131072
    write: 11768 / 131072
  write: 131072 / 131072
  <Buffer 39 20 31 36 35 36 37 30 20 31>
1000ms callback():
  1000ms transform():
    read: 131072 / 131072
    write: 11768 / 131072
  write: 131072 / 131072
  <Buffer 39 20 31 36 35 36 37 30 20 31>
1000ms transform():
  read: 131072 / 131072
  write: 11768 / 131072
  <Buffer 20 32 30 33 31 31 39 20 32 30>
1000ms _write:
  1000ms transform():
    read: 11768 / 131072
    write: 0 / 131072
  write: 131072 / 131072
  <Buffer 34 33 39 34 20 31 38 34 33 39>
1000ms callback():
  1000ms transform():
    read: 11768 / 131072
    write: 0 / 131072
  write: 131072 / 131072
  <Buffer 34 33 39 34 20 31 38 34 33 39>
1000ms _write:
  1000ms transform():
    read: 0 / 131072
    write: 0 / 131072
  write: 11768 / 131072
  <Buffer 20 32 30 33 31 31 39 20 32 30>
1000ms callback():
  1000ms transform():
    read: 0 / 131072
    write: 0 / 131072
  write: 11768 / 131072
  <Buffer 20 32 30 33 31 31 39 20 32 30>
1000ms-delay.txt-fileSize  size / originalSize: 1322488 / 1322488
done
[32m[nodemon] clean exit - waiting for changes before restart[39m
