
> node-streams-playground@1.0.0 start /home/adhi/Projects/Personal/node-stream-playground
> nodemon index.js

[33m[nodemon] 2.0.20[39m
[33m[nodemon] to restart at any time, enter `rs`[39m
[33m[nodemon] watching path(s): *.*[39m
[33m[nodemon] watching extensions: js,mjs,json[39m
[32m[nodemon] starting `node index.js`[39m
tranform 1: chunk.length: 131072 <Buffer 31 20 32 20 33 20 34 20 35 20>
chunk recieved _write: 1000ms: chunk.length: 131072 <Buffer 31 20 32 20 33 20 34 20 35 20>
tranform 1: chunk.length: 131072 <Buffer 36 39 37 20 32 33 36 39 38 20>
chunk process, calling callback : 1000: chunk.length: 131072 <Buffer 31 20 32 20 33 20 34 20 35 20>
tranform 1: chunk.length: 131072 <Buffer 32 20 34 35 35 34 33 20 34 35>
chunk recieved _write: 1000ms: chunk.length: 131072 <Buffer 36 39 37 20 32 33 36 39 38 20>
chunk process, calling callback : 1000: chunk.length: 131072 <Buffer 36 39 37 20 32 33 36 39 38 20>
tranform 1: chunk.length: 131072 <Buffer 36 37 33 38 38 20 36 37 33 38>
chunk recieved _write: 1000ms: chunk.length: 131072 <Buffer 32 20 34 35 35 34 33 20 34 35>
chunk process, calling callback : 1000: chunk.length: 131072 <Buffer 32 20 34 35 35 34 33 20 34 35>
tranform 1: chunk.length: 131072 <Buffer 32 33 33 20 38 39 32 33 34 20>
chunk recieved _write: 1000ms: chunk.length: 131072 <Buffer 36 37 33 38 38 20 36 37 33 38>
chunk process, calling callback : 1000: chunk.length: 131072 <Buffer 36 37 33 38 38 20 36 37 33 38>
tranform 1: chunk.length: 131072 <Buffer 31 30 39 34 39 36 20 31 30 39>
chunk recieved _write: 1000ms: chunk.length: 131072 <Buffer 32 33 33 20 38 39 32 33 34 20>
chunk process, calling callback : 1000: chunk.length: 131072 <Buffer 32 33 33 20 38 39 32 33 34 20>
tranform 1: chunk.length: 131072 <Buffer 32 30 20 31 32 38 32 32 31 20>
chunk recieved _write: 1000ms: chunk.length: 131072 <Buffer 31 30 39 34 39 36 20 31 30 39>
chunk process, calling callback : 1000: chunk.length: 131072 <Buffer 31 30 39 34 39 36 20 31 30 39>
tranform 1: chunk.length: 131072 <Buffer 34 36 39 34 35 20 31 34 36 39>
chunk recieved _write: 1000ms: chunk.length: 131072 <Buffer 32 30 20 31 32 38 32 32 31 20>
chunk process, calling callback : 1000: chunk.length: 131072 <Buffer 32 30 20 31 32 38 32 32 31 20>
tranform 1: chunk.length: 131072 <Buffer 39 20 31 36 35 36 37 30 20 31>
chunk recieved _write: 1000ms: chunk.length: 131072 <Buffer 34 36 39 34 35 20 31 34 36 39>
chunk process, calling callback : 1000: chunk.length: 131072 <Buffer 34 36 39 34 35 20 31 34 36 39>
tranform 1: chunk.length: 131072 <Buffer 34 33 39 34 20 31 38 34 33 39>
chunk recieved _write: 1000ms: chunk.length: 131072 <Buffer 39 20 31 36 35 36 37 30 20 31>
chunk process, calling callback : 1000: chunk.length: 131072 <Buffer 39 20 31 36 35 36 37 30 20 31>
tranform 1: chunk.length: 11768 <Buffer 20 32 30 33 31 31 39 20 32 30>
chunk recieved _write: 1000ms: chunk.length: 131072 <Buffer 34 33 39 34 20 31 38 34 33 39>
chunk process, calling callback : 1000: chunk.length: 131072 <Buffer 34 33 39 34 20 31 38 34 33 39>
chunk recieved _write: 1000ms: chunk.length: 11768 <Buffer 20 32 30 33 31 31 39 20 32 30>
chunk process, calling callback : 1000: chunk.length: 11768 <Buffer 20 32 30 33 31 31 39 20 32 30>
1000ms-delay.txt-fileSize  size / originalSize: 1322488 / 1322488
done
[32m[nodemon] clean exit - waiting for changes before restart[39m
[32m[nodemon] restarting due to changes...[39m
[32m[nodemon] starting `node index.js`[39m
read: 0/16384
write: 131072/16384
tranform 1: chunk.length: 131072 <Buffer 31 20 32 20 33 20 34 20 35 20>
chunk recieved _write: 1000ms: chunk.length: 131072 <Buffer 31 20 32 20 33 20 34 20 35 20>
read: 0/16384
write: 131072/16384
tranform 1: chunk.length: 131072 <Buffer 36 39 37 20 32 33 36 39 38 20>
chunk process, calling callback : 1000: chunk.length: 131072 <Buffer 31 20 32 20 33 20 34 20 35 20>
read: 131072/16384
write: 131072/16384
tranform 1: chunk.length: 131072 <Buffer 32 20 34 35 35 34 33 20 34 35>
chunk recieved _write: 1000ms: chunk.length: 131072 <Buffer 36 39 37 20 32 33 36 39 38 20>
chunk process, calling callback : 1000: chunk.length: 131072 <Buffer 36 39 37 20 32 33 36 39 38 20>
read: 131072/16384
write: 131072/16384
tranform 1: chunk.length: 131072 <Buffer 36 37 33 38 38 20 36 37 33 38>
chunk recieved _write: 1000ms: chunk.length: 131072 <Buffer 32 20 34 35 35 34 33 20 34 35>
chunk process, calling callback : 1000: chunk.length: 131072 <Buffer 32 20 34 35 35 34 33 20 34 35>
read: 131072/16384
write: 131072/16384
tranform 1: chunk.length: 131072 <Buffer 32 33 33 20 38 39 32 33 34 20>
chunk recieved _write: 1000ms: chunk.length: 131072 <Buffer 36 37 33 38 38 20 36 37 33 38>
